48
j< a 1 3
j _ _ 31
j< a 2 5
j _ _ 6
= 1 _ x
= 2 _ x
= 1 _ aa
= 1 _ b
j== b 0 11
j _ _ 18
j< x 2 13
j _ _ 15
= 2 _ x
j _ _ 16
= 3 _ x
Return x _ _
j _ _ 26
/ b c T5
* T5 c T6
- b T6 T7
Param b _ _
Param T7 _ _
Param a _ _
Call fun 3 T8
Return T8 _ _
j> a 10 28
j _ _ 30
= 0 _ a
j _ _ 26
j _ _ 1
+ a 1 T10
Return T10 _ _
= 1 _ x
- 2 x T11
* T11 4 T12
[] array T12 T13
* x 2 T14
+ T13 T14 T15
+ 12 a T16
- 5 T16 T17
/ T17 2 T18
- T15 T18 T19
+ a 2 T20
/ T20 12 T21
* T21 1 T22
- T19 T22 T23
= T23 _ x
